2018-05-12 19:35:44.007  INFO DESKTOP-80QCN4B --- [  restartedMain] o.h.d.Dialect                            : HHH000400: Using dialect: org.hibernate.dialect.MySQLDialect
2018-05-12 19:35:44.098  INFO DESKTOP-80QCN4B --- [  restartedMain] c.s.t.p.ProductApplication               : ## getSessionFactory: org.hibernate.internal.SessionFactoryImpl@642ddcf
2018-05-12 19:35:44.144  INFO DESKTOP-80QCN4B --- [  restartedMain] o.s.o.h.HibernateTransactionManager      : Using DataSource [org.springframework.jdbc.datasource.DriverManagerDataSource@7d1ae994] of Hibernate SessionFactory for HibernateTransactionManager
2018-05-12 19:35:44.159  INFO DESKTOP-80QCN4B --- [  restartedMain] o.s.w.s.h.SimpleUrlHandlerMapping        : Mapped URL path [/**/favicon.ico] onto handler of type [class org.springframework.web.servlet.resource.ResourceHttpRequestHandler]
2018-05-12 19:35:44.195  INFO DESKTOP-80QCN4B --- [  restartedMain] s.w.s.m.m.a.RequestMappingHandlerAdapter : Looking for @ControllerAdvice: org.springframework.boot.web.servlet.context.AnnotationConfigServletWebServerApplicationContext@37d1292: startup date [Sat May 12 19:35:27 CDT 2018]; root of context hierarchy
2018-05-12 19:35:44.204  INFO DESKTOP-80QCN4B --- [  restartedMain] s.w.s.m.m.a.RequestMappingHandlerMapping : Mapped "{[/admin/accountInfo],methods=[GET]}" onto public java.lang.String com.srikar.tej.productCart.controller.AdminController.accountInfo(org.springframework.ui.Model)
2018-05-12 19:35:44.205  INFO DESKTOP-80QCN4B --- [  restartedMain] s.w.s.m.m.a.RequestMappingHandlerMapping : Mapped "{[/admin/order],methods=[GET]}" onto public java.lang.String com.srikar.tej.productCart.controller.AdminController.orderView(org.springframework.ui.Model,java.lang.String)
2018-05-12 19:35:44.205  INFO DESKTOP-80QCN4B --- [  restartedMain] s.w.s.m.m.a.RequestMappingHandlerMapping : Mapped "{[/admin/login],methods=[GET]}" onto public java.lang.String com.srikar.tej.productCart.controller.AdminController.login(org.springframework.ui.Model)
2018-05-12 19:35:44.205  INFO DESKTOP-80QCN4B --- [  restartedMain] s.w.s.m.m.a.RequestMappingHandlerMapping : Mapped "{[/admin/orderList],methods=[GET]}" onto public java.lang.String com.srikar.tej.productCart.controller.AdminController.orderList(org.springframework.ui.Model,java.lang.String)
2018-05-12 19:35:44.205  INFO DESKTOP-80QCN4B --- [  restartedMain] s.w.s.m.m.a.RequestMappingHandlerMapping : Mapped "{[/admin/product],methods=[GET]}" onto public java.lang.String com.srikar.tej.productCart.controller.AdminController.product(org.springframework.ui.Model,java.lang.String)
2018-05-12 19:35:44.205  INFO DESKTOP-80QCN4B --- [  restartedMain] s.w.s.m.m.a.RequestMappingHandlerMapping : Mapped "{[/admin/product],methods=[POST]}" onto public java.lang.String com.srikar.tej.productCart.controller.AdminController.productSave(org.springframework.ui.Model,com.srikar.tej.productCart.form.ProductForm,org.springframework.validation.BindingResult,org.springframework.web.servlet.mvc.support.RedirectAttributes)
2018-05-12 19:35:44.206  INFO DESKTOP-80QCN4B --- [  restartedMain] s.w.s.m.m.a.RequestMappingHandlerMapping : Mapped "{[/]}" onto public java.lang.String com.srikar.tej.productCart.controller.MainController.home()
2018-05-12 19:35:44.206  INFO DESKTOP-80QCN4B --- [  restartedMain] s.w.s.m.m.a.RequestMappingHandlerMapping : Mapped "{[/shoppingCartFinalize],methods=[GET]}" onto public java.lang.String com.srikar.tej.productCart.controller.MainController.shoppingCartFinalize(javax.servlet.http.HttpServletRequest,org.springframework.ui.Model)
2018-05-12 19:35:44.206  INFO DESKTOP-80QCN4B --- [  restartedMain] s.w.s.m.m.a.RequestMappingHandlerMapping : Mapped "{[/shoppingCartCustomer],methods=[GET]}" onto public java.lang.String com.srikar.tej.productCart.controller.MainController.shoppingCartCustomerForm(javax.servlet.http.HttpServletRequest,org.springframework.ui.Model)
2018-05-12 19:35:44.206  INFO DESKTOP-80QCN4B --- [  restartedMain] s.w.s.m.m.a.RequestMappingHandlerMapping : Mapped "{[/buyProduct]}" onto public java.lang.String com.srikar.tej.productCart.controller.MainController.listProductHandler(javax.servlet.http.HttpServletRequest,org.springframework.ui.Model,java.lang.String)
2018-05-12 19:35:44.207  INFO DESKTOP-80QCN4B --- [  restartedMain] s.w.s.m.m.a.RequestMappingHandlerMapping : Mapped "{[/productList]}" onto public java.lang.String com.srikar.tej.productCart.controller.MainController.listProductHandler(org.springframework.ui.Model,java.lang.String,int)
2018-05-12 19:35:44.207  INFO DESKTOP-80QCN4B --- [  restartedMain] s.w.s.m.m.a.RequestMappingHandlerMapping : Mapped "{[/shoppingCartCustomer],methods=[POST]}" onto public java.lang.String com.srikar.tej.productCart.controller.MainController.shoppingCartCustomerSave(javax.servlet.http.HttpServletRequest,org.springframework.ui.Model,com.srikar.tej.productCart.form.CustomerForm,org.springframework.validation.BindingResult,org.springframework.web.servlet.mvc.support.RedirectAttributes)
2018-05-12 19:35:44.207  INFO DESKTOP-80QCN4B --- [  restartedMain] s.w.s.m.m.a.RequestMappingHandlerMapping : Mapped "{[/shoppingCart],methods=[GET]}" onto public java.lang.String com.srikar.tej.productCart.controller.MainController.shoppingCartHandler(javax.servlet.http.HttpServletRequest,org.springframework.ui.Model)
2018-05-12 19:35:44.207  INFO DESKTOP-80QCN4B --- [  restartedMain] s.w.s.m.m.a.RequestMappingHandlerMapping : Mapped "{[/shoppingCart],methods=[POST]}" onto public java.lang.String com.srikar.tej.productCart.controller.MainController.shoppingCartUpdateQty(javax.servlet.http.HttpServletRequest,org.springframework.ui.Model,com.srikar.tej.productCart.model.CartInfo)
2018-05-12 19:35:44.208  INFO DESKTOP-80QCN4B --- [  restartedMain] s.w.s.m.m.a.RequestMappingHandlerMapping : Mapped "{[/shoppingCartRemoveProduct]}" onto public java.lang.String com.srikar.tej.productCart.controller.MainController.removeProductHandler(javax.servlet.http.HttpServletRequest,org.springframework.ui.Model,java.lang.String)
2018-05-12 19:35:44.208  INFO DESKTOP-80QCN4B --- [  restartedMain] s.w.s.m.m.a.RequestMappingHandlerMapping : Mapped "{[/shoppingCartConfirmation],methods=[POST]}" onto public java.lang.String com.srikar.tej.productCart.controller.MainController.shoppingCartConfirmationSave(javax.servlet.http.HttpServletRequest,org.springframework.ui.Model)
2018-05-12 19:35:44.208  INFO DESKTOP-80QCN4B --- [  restartedMain] s.w.s.m.m.a.RequestMappingHandlerMapping : Mapped "{[/shoppingCartConfirmation],methods=[GET]}" onto public java.lang.String com.srikar.tej.productCart.controller.MainController.shoppingCartConfirmationReview(javax.servlet.http.HttpServletRequest,org.springframework.ui.Model)
2018-05-12 19:35:44.208  INFO DESKTOP-80QCN4B --- [  restartedMain] s.w.s.m.m.a.RequestMappingHandlerMapping : Mapped "{[/productImage],methods=[GET]}" onto public void com.srikar.tej.productCart.controller.MainController.productImage(javax.servlet.http.HttpServletRequest,javax.servlet.http.HttpServletResponse,org.springframework.ui.Model,java.lang.String) throws java.io.IOException
2018-05-12 19:35:44.208  INFO DESKTOP-80QCN4B --- [  restartedMain] s.w.s.m.m.a.RequestMappingHandlerMapping : Mapped "{[/403]}" onto public java.lang.String com.srikar.tej.productCart.controller.MainController.accessDenied()
2018-05-12 19:35:44.210  INFO DESKTOP-80QCN4B --- [  restartedMain] s.w.s.m.m.a.RequestMappingHandlerMapping : Mapped "{[/error]}" onto public org.springframework.http.ResponseEntity<java.util.Map<java.lang.String, java.lang.Object>> org.springframework.boot.autoconfigure.web.servlet.error.BasicErrorController.error(javax.servlet.http.HttpServletRequest)
2018-05-12 19:35:44.210  INFO DESKTOP-80QCN4B --- [  restartedMain] s.w.s.m.m.a.RequestMappingHandlerMapping : Mapped "{[/error],produces=[text/html]}" onto public org.springframework.web.servlet.ModelAndView org.springframework.boot.autoconfigure.web.servlet.error.BasicErrorController.errorHtml(javax.servlet.http.HttpServletRequest,javax.servlet.http.HttpServletResponse)
2018-05-12 19:35:44.220  INFO DESKTOP-80QCN4B --- [  restartedMain] o.s.w.s.h.SimpleUrlHandlerMapping        : Mapped URL path [/webjars/**] onto handler of type [class org.springframework.web.servlet.resource.ResourceHttpRequestHandler]
2018-05-12 19:35:44.220  INFO DESKTOP-80QCN4B --- [  restartedMain] o.s.w.s.h.SimpleUrlHandlerMapping        : Mapped URL path [/**] onto handler of type [class org.springframework.web.servlet.resource.ResourceHttpRequestHandler]
2018-05-12 19:35:44.248  INFO DESKTOP-80QCN4B --- [  restartedMain] o.s.b.a.w.s.WelcomePageHandlerMapping    : Adding welcome page template: index
2018-05-12 19:35:44.300  INFO DESKTOP-80QCN4B --- [  restartedMain] o.s.s.w.DefaultSecurityFilterChain       : Creating filter chain: org.springframework.security.web.util.matcher.AnyRequestMatcher@1, [org.springframework.security.web.context.request.async.WebAsyncManagerIntegrationFilter@6bacf7c6, org.springframework.security.web.context.SecurityContextPersistenceFilter@7c221702, org.springframework.security.web.header.HeaderWriterFilter@4f248a1f, org.springframework.security.web.authentication.logout.LogoutFilter@38aa6ef7, org.springframework.security.web.authentication.UsernamePasswordAuthenticationFilter@79a79c95, org.springframework.security.web.savedrequest.RequestCacheAwareFilter@6cce4456, org.springframework.security.web.servletapi.SecurityContextHolderAwareRequestFilter@7514fa2, org.springframework.security.web.authentication.AnonymousAuthenticationFilter@6cfa7bcf, org.springframework.security.web.session.SessionManagementFilter@6e6a25ca, org.springframework.security.web.access.ExceptionTranslationFilter@69ff2070, org.springframework.security.web.access.intercept.FilterSecurityInterceptor@1983643c]
2018-05-12 19:35:44.345  INFO DESKTOP-80QCN4B --- [  restartedMain] o.s.b.d.a.OptionalLiveReloadServer       : LiveReload server is running on port 35729
2018-05-12 19:35:44.362  INFO DESKTOP-80QCN4B --- [  restartedMain] o.s.j.e.a.AnnotationMBeanExporter        : Registering beans for JMX exposure on startup
2018-05-12 19:35:44.370  INFO DESKTOP-80QCN4B --- [  restartedMain] o.a.c.h.Http11NioProtocol                : Starting ProtocolHandler ["http-nio-8080"]
2018-05-12 19:35:44.371  INFO DESKTOP-80QCN4B --- [  restartedMain] o.a.t.u.n.NioSelectorPool                : Using a shared selector for servlet write/read
2018-05-12 19:35:44.376  INFO DESKTOP-80QCN4B --- [  restartedMain] o.s.b.w.e.t.TomcatWebServer              : Tomcat started on port(s): 8080 (http) with context path ''
2018-05-12 19:35:44.377  INFO DESKTOP-80QCN4B --- [  restartedMain] c.s.t.p.ProductApplication               : Started ProductApplication in 17.057 seconds (JVM running for 137.461)
2018-05-12 19:35:44.381  INFO DESKTOP-80QCN4B --- [  restartedMain] .ConditionEvaluationDeltaLoggingListener : Condition evaluation unchanged
2018-05-12 19:35:58.873  INFO DESKTOP-80QCN4B --- [n(14)-127.0.0.1] inMXBeanRegistrar$SpringApplicationAdmin : Application shutdown requested.
2018-05-12 19:35:58.873  INFO DESKTOP-80QCN4B --- [n(14)-127.0.0.1] ConfigServletWebServerApplicationContext : Closing org.springframework.boot.web.servlet.context.AnnotationConfigServletWebServerApplicationContext@37d1292: startup date [Sat May 12 19:35:27 CDT 2018]; root of context hierarchy
2018-05-12 19:35:58.875  INFO DESKTOP-80QCN4B --- [n(14)-127.0.0.1] o.s.j.e.a.AnnotationMBeanExporter        : Unregistering JMX-exposed beans on shutdown
2018-05-12 19:36:06.954  INFO DESKTOP-80QCN4B --- [  restartedMain] c.s.t.p.ProductApplication               : Starting ProductApplication on DESKTOP-80QCN4B with PID 20860 (C:\ProjectWorkSpace\ProductApplication\target\classes started by tejmn in C:\ProjectWorkSpace\ProductApplication)
2018-05-12 19:36:06.959 DEBUG DESKTOP-80QCN4B --- [  restartedMain] c.s.t.p.ProductApplication               : Running with Spring Boot v2.0.2.RELEASE, Spring v5.0.6.RELEASE
2018-05-12 19:36:06.959  INFO DESKTOP-80QCN4B --- [  restartedMain] c.s.t.p.ProductApplication               : No active profile set, falling back to default profiles: default
2018-05-12 19:36:07.002  INFO DESKTOP-80QCN4B --- [  restartedMain] ConfigServletWebServerApplicationContext : Refreshing org.springframework.boot.web.servlet.context.AnnotationConfigServletWebServerApplicationContext@3efd48a0: startup date [Sat May 12 19:36:07 CDT 2018]; root of context hierarchy
2018-05-12 19:36:08.202  INFO DESKTOP-80QCN4B --- [  restartedMain] trationDelegate$BeanPostProcessorChecker : Bean 'org.springframework.transaction.annotation.ProxyTransactionManagementConfiguration' of type [org.springframework.transaction.annotation.ProxyTransactionManagementConfiguration$$EnhancerBySpringCGLIB$$68e72863] is not eligible for getting processed by all BeanPostProcessors (for example: not eligible for auto-proxying)
2018-05-12 19:36:08.521  INFO DESKTOP-80QCN4B --- [  restartedMain] o.s.b.w.e.t.TomcatWebServer              : Tomcat initialized with port(s): 8080 (http)
2018-05-12 19:36:08.532  INFO DESKTOP-80QCN4B --- [  restartedMain] o.a.c.h.Http11NioProtocol                : Initializing ProtocolHandler ["http-nio-8080"]
2018-05-12 19:36:08.540  INFO DESKTOP-80QCN4B --- [  restartedMain] o.a.c.c.StandardService                  : Starting service [Tomcat]
2018-05-12 19:36:08.541  INFO DESKTOP-80QCN4B --- [  restartedMain] o.a.c.c.StandardEngine                   : Starting Servlet Engine: Apache Tomcat/8.5.31
2018-05-12 19:36:08.545  INFO DESKTOP-80QCN4B --- [ost-startStop-1] o.a.c.c.AprLifecycleListener             : The APR based Apache Tomcat Native library which allows optimal performance in production environments was not found on the java.library.path: [C:\Program Files\Java\jdk1.8.0_171\bin;C:\Windows\Sun\Java\bin;C:\Windows\system32;C:\Windows;C:/Program Files/Java/jre1.8.0_171/bin/server;C:/Program Files/Java/jre1.8.0_171/bin;C:/Program Files/Java/jre1.8.0_171/lib/amd64;C:\Program Files (x86)\Common Files\Oracle\Java\javapath;C:\Program Files (x86)\Intel\Intel(R) Management Engine Components\iCLS\;C:\Program Files\Intel\Intel(R) Management Engine Components\iCLS\;C:\Windows\system32;C:\Windows;C:\Windows\System32\Wbem;C:\Windows\System32\WindowsPowerShell\v1.0\;C:\Program Files (x86)\Intel\Intel(R) Management Engine Components\DAL;C:\Program Files\Intel\Intel(R) Management Engine Components\DAL;C:\Program Files (x86)\Intel\Intel(R) Management Engine Components\IPT;C:\Program Files\Intel\Intel(R) Management Engine Components\IPT;C:\Program Files\Intel\WiFi\bin\;C:\Program Files\Common Files\Intel\WirelessCommon\;C:\Program Files\Java\jdk1.8.0_171\bin;C:\Program Files\Java\jdk1.8.0_171\jre\bin;C:\Users\tejmn\AppData\Local\Microsoft\WindowsApps;;C:\Project Tools\sts-bundle\sts-3.9.4.RELEASE;;.]
2018-05-12 19:36:08.654  INFO DESKTOP-80QCN4B --- [ost-startStop-1] o.a.c.c.C.[.[.[/]                        : Initializing Spring embedded WebApplicationContext
2018-05-12 19:36:08.654  INFO DESKTOP-80QCN4B --- [ost-startStop-1] o.s.w.c.ContextLoader                    : Root WebApplicationContext: initialization completed in 1654 ms
2018-05-12 19:36:08.830  INFO DESKTOP-80QCN4B --- [ost-startStop-1] o.s.b.w.s.FilterRegistrationBean         : Mapping filter: 'characterEncodingFilter' to: [/*]
2018-05-12 19:36:08.830  INFO DESKTOP-80QCN4B --- [ost-startStop-1] o.s.b.w.s.FilterRegistrationBean         : Mapping filter: 'hiddenHttpMethodFilter' to: [/*]
2018-05-12 19:36:08.830  INFO DESKTOP-80QCN4B --- [ost-startStop-1] o.s.b.w.s.FilterRegistrationBean         : Mapping filter: 'httpPutFormContentFilter' to: [/*]
2018-05-12 19:36:08.831  INFO DESKTOP-80QCN4B --- [ost-startStop-1] o.s.b.w.s.FilterRegistrationBean         : Mapping filter: 'requestContextFilter' to: [/*]
2018-05-12 19:36:08.831  INFO DESKTOP-80QCN4B --- [ost-startStop-1] .s.DelegatingFilterProxyRegistrationBean : Mapping filter: 'springSecurityFilterChain' to: [/*]
2018-05-12 19:36:08.831  INFO DESKTOP-80QCN4B --- [ost-startStop-1] o.s.b.w.s.ServletRegistrationBean        : Servlet dispatcherServlet mapped to [/]
2018-05-12 19:36:08.986  INFO DESKTOP-80QCN4B --- [  restartedMain] o.s.j.d.DriverManagerDataSource          : Loaded JDBC driver: com.mysql.jdbc.Driver
2018-05-12 19:36:08.987  INFO DESKTOP-80QCN4B --- [  restartedMain] c.s.t.p.ProductApplication               : ## getDataSource:org.springframework.jdbc.datasource.DriverManagerDataSource@134e648
2018-05-12 19:36:09.166  INFO DESKTOP-80QCN4B --- [  restartedMain] o.h.Version                              : HHH000412: Hibernate Core {5.2.17.Final}
2018-05-12 19:36:09.167  INFO DESKTOP-80QCN4B --- [  restartedMain] o.h.c.Environment                        : HHH000206: hibernate.properties not found
2018-05-12 19:36:26.824  INFO DESKTOP-80QCN4B --- [  restartedMain] o.h.a.c.Version                          : HCANN000001: Hibernate Commons Annotations {5.0.1.Final}
2018-05-12 19:36:27.227  INFO DESKTOP-80QCN4B --- [  restartedMain] o.h.d.Dialect                            : HHH000400: Using dialect: org.hibernate.dialect.MySQLDialect
2018-05-12 19:36:27.782  INFO DESKTOP-80QCN4B --- [  restartedMain] c.s.t.p.ProductApplication               : ## getSessionFactory: org.hibernate.internal.SessionFactoryImpl@50132af4
2018-05-12 19:36:27.900  INFO DESKTOP-80QCN4B --- [  restartedMain] o.s.o.h.HibernateTransactionManager      : Using DataSource [org.springframework.jdbc.datasource.DriverManagerDataSource@134e648] of Hibernate SessionFactory for HibernateTransactionManager
2018-05-12 19:36:27.975  INFO DESKTOP-80QCN4B --- [  restartedMain] o.s.w.s.h.SimpleUrlHandlerMapping        : Mapped URL path [/**/favicon.ico] onto handler of type [class org.springframework.web.servlet.resource.ResourceHttpRequestHandler]
2018-05-12 19:36:28.196  INFO DESKTOP-80QCN4B --- [  restartedMain] s.w.s.m.m.a.RequestMappingHandlerAdapter : Looking for @ControllerAdvice: org.springframework.boot.web.servlet.context.AnnotationConfigServletWebServerApplicationContext@3efd48a0: startup date [Sat May 12 19:36:07 CDT 2018]; root of context hierarchy
2018-05-12 19:36:28.270  INFO DESKTOP-80QCN4B --- [  restartedMain] s.w.s.m.m.a.RequestMappingHandlerMapping : Mapped "{[/admin/login],methods=[GET]}" onto public java.lang.String com.srikar.tej.productCart.controller.AdminController.login(org.springframework.ui.Model)
2018-05-12 19:36:28.271  INFO DESKTOP-80QCN4B --- [  restartedMain] s.w.s.m.m.a.RequestMappingHandlerMapping : Mapped "{[/admin/accountInfo],methods=[GET]}" onto public java.lang.String com.srikar.tej.productCart.controller.AdminController.accountInfo(org.springframework.ui.Model)
2018-05-12 19:36:28.272  INFO DESKTOP-80QCN4B --- [  restartedMain] s.w.s.m.m.a.RequestMappingHandlerMapping : Mapped "{[/admin/orderList],methods=[GET]}" onto public java.lang.String com.srikar.tej.productCart.controller.AdminController.orderList(org.springframework.ui.Model,java.lang.String)
2018-05-12 19:36:28.272  INFO DESKTOP-80QCN4B --- [  restartedMain] s.w.s.m.m.a.RequestMappingHandlerMapping : Mapped "{[/admin/order],methods=[GET]}" onto public java.lang.String com.srikar.tej.productCart.controller.AdminController.orderView(org.springframework.ui.Model,java.lang.String)
2018-05-12 19:36:28.272  INFO DESKTOP-80QCN4B --- [  restartedMain] s.w.s.m.m.a.RequestMappingHandlerMapping : Mapped "{[/admin/product],methods=[POST]}" onto public java.lang.String com.srikar.tej.productCart.controller.AdminController.productSave(org.springframework.ui.Model,com.srikar.tej.productCart.form.ProductForm,org.springframework.validation.BindingResult,org.springframework.web.servlet.mvc.support.RedirectAttributes)
2018-05-12 19:36:28.273  INFO DESKTOP-80QCN4B --- [  restartedMain] s.w.s.m.m.a.RequestMappingHandlerMapping : Mapped "{[/admin/product],methods=[GET]}" onto public java.lang.String com.srikar.tej.productCart.controller.AdminController.product(org.springframework.ui.Model,java.lang.String)
2018-05-12 19:36:28.275  INFO DESKTOP-80QCN4B --- [  restartedMain] s.w.s.m.m.a.RequestMappingHandlerMapping : Mapped "{[/]}" onto public java.lang.String com.srikar.tej.productCart.controller.MainController.home()
2018-05-12 19:36:28.275  INFO DESKTOP-80QCN4B --- [  restartedMain] s.w.s.m.m.a.RequestMappingHandlerMapping : Mapped "{[/productImage],methods=[GET]}" onto public void com.srikar.tej.productCart.controller.MainController.productImage(javax.servlet.http.HttpServletRequest,javax.servlet.http.HttpServletResponse,org.springframework.ui.Model,java.lang.String) throws java.io.IOException
2018-05-12 19:36:28.275  INFO DESKTOP-80QCN4B --- [  restartedMain] s.w.s.m.m.a.RequestMappingHandlerMapping : Mapped "{[/403]}" onto public java.lang.String com.srikar.tej.productCart.controller.MainController.accessDenied()
2018-05-12 19:36:28.276  INFO DESKTOP-80QCN4B --- [  restartedMain] s.w.s.m.m.a.RequestMappingHandlerMapping : Mapped "{[/shoppingCartConfirmation],methods=[GET]}" onto public java.lang.String com.srikar.tej.productCart.controller.MainController.shoppingCartConfirmationReview(javax.servlet.http.HttpServletRequest,org.springframework.ui.Model)
2018-05-12 19:36:28.277  INFO DESKTOP-80QCN4B --- [  restartedMain] s.w.s.m.m.a.RequestMappingHandlerMapping : Mapped "{[/shoppingCartConfirmation],methods=[POST]}" onto public java.lang.String com.srikar.tej.productCart.controller.MainController.shoppingCartConfirmationSave(javax.servlet.http.HttpServletRequest,org.springframework.ui.Model)
2018-05-12 19:36:28.277  INFO DESKTOP-80QCN4B --- [  restartedMain] s.w.s.m.m.a.RequestMappingHandlerMapping : Mapped "{[/shoppingCartFinalize],methods=[GET]}" onto public java.lang.String com.srikar.tej.productCart.controller.MainController.shoppingCartFinalize(javax.servlet.http.HttpServletRequest,org.springframework.ui.Model)
2018-05-12 19:36:28.279  INFO DESKTOP-80QCN4B --- [  restartedMain] s.w.s.m.m.a.RequestMappingHandlerMapping : Mapped "{[/productList]}" onto public java.lang.String com.srikar.tej.productCart.controller.MainController.listProductHandler(org.springframework.ui.Model,java.lang.String,int)
2018-05-12 19:36:28.279  INFO DESKTOP-80QCN4B --- [  restartedMain] s.w.s.m.m.a.RequestMappingHandlerMapping : Mapped "{[/buyProduct]}" onto public java.lang.String com.srikar.tej.productCart.controller.MainController.listProductHandler(javax.servlet.http.HttpServletRequest,org.springframework.ui.Model,java.lang.String)
2018-05-12 19:36:28.279  INFO DESKTOP-80QCN4B --- [  restartedMain] s.w.s.m.m.a.RequestMappingHandlerMapping : Mapped "{[/shoppingCart],methods=[GET]}" onto public java.lang.String com.srikar.tej.productCart.controller.MainController.shoppingCartHandler(javax.servlet.http.HttpServletRequest,org.springframework.ui.Model)
2018-05-12 19:36:28.280  INFO DESKTOP-80QCN4B --- [  restartedMain] s.w.s.m.m.a.RequestMappingHandlerMapping : Mapped "{[/shoppingCartCustomer],methods=[GET]}" onto public java.lang.String com.srikar.tej.productCart.controller.MainController.shoppingCartCustomerForm(javax.servlet.http.HttpServletRequest,org.springframework.ui.Model)
2018-05-12 19:36:28.280  INFO DESKTOP-80QCN4B --- [  restartedMain] s.w.s.m.m.a.RequestMappingHandlerMapping : Mapped "{[/shoppingCartRemoveProduct]}" onto public java.lang.String com.srikar.tej.productCart.controller.MainController.removeProductHandler(javax.servlet.http.HttpServletRequest,org.springframework.ui.Model,java.lang.String)
2018-05-12 19:36:28.280  INFO DESKTOP-80QCN4B --- [  restartedMain] s.w.s.m.m.a.RequestMappingHandlerMapping : Mapped "{[/shoppingCart],methods=[POST]}" onto public java.lang.String com.srikar.tej.productCart.controller.MainController.shoppingCartUpdateQty(javax.servlet.http.HttpServletRequest,org.springframework.ui.Model,com.srikar.tej.productCart.model.CartInfo)
2018-05-12 19:36:28.281  INFO DESKTOP-80QCN4B --- [  restartedMain] s.w.s.m.m.a.RequestMappingHandlerMapping : Mapped "{[/shoppingCartCustomer],methods=[POST]}" onto public java.lang.String com.srikar.tej.productCart.controller.MainController.shoppingCartCustomerSave(javax.servlet.http.HttpServletRequest,org.springframework.ui.Model,com.srikar.tej.productCart.form.CustomerForm,org.springframework.validation.BindingResult,org.springframework.web.servlet.mvc.support.RedirectAttributes)
2018-05-12 19:36:28.285  INFO DESKTOP-80QCN4B --- [  restartedMain] s.w.s.m.m.a.RequestMappingHandlerMapping : Mapped "{[/error]}" onto public org.springframework.http.ResponseEntity<java.util.Map<java.lang.String, java.lang.Object>> org.springframework.boot.autoconfigure.web.servlet.error.BasicErrorController.error(javax.servlet.http.HttpServletRequest)
2018-05-12 19:36:28.285  INFO DESKTOP-80QCN4B --- [  restartedMain] s.w.s.m.m.a.RequestMappingHandlerMapping : Mapped "{[/error],produces=[text/html]}" onto public org.springframework.web.servlet.ModelAndView org.springframework.boot.autoconfigure.web.servlet.error.BasicErrorController.errorHtml(javax.servlet.http.HttpServletRequest,javax.servlet.http.HttpServletResponse)
2018-05-12 19:36:28.318  INFO DESKTOP-80QCN4B --- [  restartedMain] o.s.w.s.h.SimpleUrlHandlerMapping        : Mapped URL path [/webjars/**] onto handler of type [class org.springframework.web.servlet.resource.ResourceHttpRequestHandler]
2018-05-12 19:36:28.319  INFO DESKTOP-80QCN4B --- [  restartedMain] o.s.w.s.h.SimpleUrlHandlerMapping        : Mapped URL path [/**] onto handler of type [class org.springframework.web.servlet.resource.ResourceHttpRequestHandler]
2018-05-12 19:36:28.440  INFO DESKTOP-80QCN4B --- [  restartedMain] o.s.b.a.w.s.WelcomePageHandlerMapping    : Adding welcome page template: index
2018-05-12 19:36:28.831  INFO DESKTOP-80QCN4B --- [  restartedMain] o.s.s.w.DefaultSecurityFilterChain       : Creating filter chain: org.springframework.security.web.util.matcher.AnyRequestMatcher@1, [org.springframework.security.web.context.request.async.WebAsyncManagerIntegrationFilter@5929f73f, org.springframework.security.web.context.SecurityContextPersistenceFilter@44e23914, org.springframework.security.web.header.HeaderWriterFilter@4e514fdd, org.springframework.security.web.authentication.logout.LogoutFilter@5de602c, org.springframework.security.web.authentication.UsernamePasswordAuthenticationFilter@6f37ca54, org.springframework.security.web.savedrequest.RequestCacheAwareFilter@350bd1ab, org.springframework.security.web.servletapi.SecurityContextHolderAwareRequestFilter@63901fd2, org.springframework.security.web.authentication.AnonymousAuthenticationFilter@79846815, org.springframework.security.web.session.SessionManagementFilter@a507282, org.springframework.security.web.access.ExceptionTranslationFilter@34cc26d1, org.springframework.security.web.access.intercept.FilterSecurityInterceptor@18cc17f5]
2018-05-12 19:36:28.934  INFO DESKTOP-80QCN4B --- [  restartedMain] o.s.b.d.a.OptionalLiveReloadServer       : LiveReload server is running on port 35729
2018-05-12 19:36:28.965  INFO DESKTOP-80QCN4B --- [  restartedMain] o.s.j.e.a.AnnotationMBeanExporter        : Registering beans for JMX exposure on startup
2018-05-12 19:36:28.979  INFO DESKTOP-80QCN4B --- [  restartedMain] o.a.c.h.Http11NioProtocol                : Starting ProtocolHandler ["http-nio-8080"]
2018-05-12 19:36:28.990  INFO DESKTOP-80QCN4B --- [  restartedMain] o.a.t.u.n.NioSelectorPool                : Using a shared selector for servlet write/read
2018-05-12 19:36:29.007  INFO DESKTOP-80QCN4B --- [  restartedMain] o.s.b.w.e.t.TomcatWebServer              : Tomcat started on port(s): 8080 (http) with context path ''
2018-05-12 19:36:29.012  INFO DESKTOP-80QCN4B --- [  restartedMain] c.s.t.p.ProductApplication               : Started ProductApplication in 22.322 seconds (JVM running for 23.334)
2018-05-12 23:56:13.124  INFO DESKTOP-80QCN4B --- [n(78)-127.0.0.1] inMXBeanRegistrar$SpringApplicationAdmin : Application shutdown requested.
2018-05-12 23:56:13.127  INFO DESKTOP-80QCN4B --- [n(78)-127.0.0.1] ConfigServletWebServerApplicationContext : Closing org.springframework.boot.web.servlet.context.AnnotationConfigServletWebServerApplicationContext@3efd48a0: startup date [Sat May 12 19:36:07 CDT 2018]; root of context hierarchy
2018-05-12 23:56:13.169  INFO DESKTOP-80QCN4B --- [n(78)-127.0.0.1] o.s.j.e.a.AnnotationMBeanExporter        : Unregistering JMX-exposed beans on shutdown
2018-05-14 10:14:08.082  INFO DESKTOP-80QCN4B --- [  restartedMain] c.s.t.p.ProductApplication               : Starting ProductApplication on DESKTOP-80QCN4B with PID 7708 (C:\ProjectWorkSpace\ProductApplication\target\classes started by tejmn in C:\ProjectWorkSpace\ProductApplication)
2018-05-14 10:14:08.092 DEBUG DESKTOP-80QCN4B --- [  restartedMain] c.s.t.p.ProductApplication               : Running with Spring Boot v2.0.2.RELEASE, Spring v5.0.6.RELEASE
2018-05-14 10:14:08.092  INFO DESKTOP-80QCN4B --- [  restartedMain] c.s.t.p.ProductApplication               : No active profile set, falling back to default profiles: default
2018-05-14 10:14:08.158  INFO DESKTOP-80QCN4B --- [  restartedMain] ConfigServletWebServerApplicationContext : Refreshing org.springframework.boot.web.servlet.context.AnnotationConfigServletWebServerApplicationContext@45db733b: startup date [Mon May 14 10:14:08 CDT 2018]; root of context hierarchy
2018-05-14 10:14:09.479  INFO DESKTOP-80QCN4B --- [  restartedMain] trationDelegate$BeanPostProcessorChecker : Bean 'org.springframework.transaction.annotation.ProxyTransactionManagementConfiguration' of type [org.springframework.transaction.annotation.ProxyTransactionManagementConfiguration$$EnhancerBySpringCGLIB$$e613115a] is not eligible for getting processed by all BeanPostProcessors (for example: not eligible for auto-proxying)
2018-05-14 10:14:09.837  INFO DESKTOP-80QCN4B --- [  restartedMain] o.s.b.w.e.t.TomcatWebServer              : Tomcat initialized with port(s): 8080 (http)
2018-05-14 10:14:09.852  INFO DESKTOP-80QCN4B --- [  restartedMain] o.a.c.h.Http11NioProtocol                : Initializing ProtocolHandler ["http-nio-8080"]
2018-05-14 10:14:09.862  INFO DESKTOP-80QCN4B --- [  restartedMain] o.a.c.c.StandardService                  : Starting service [Tomcat]
2018-05-14 10:14:09.863  INFO DESKTOP-80QCN4B --- [  restartedMain] o.a.c.c.StandardEngine                   : Starting Servlet Engine: Apache Tomcat/8.5.31
2018-05-14 10:14:09.868  INFO DESKTOP-80QCN4B --- [ost-startStop-1] o.a.c.c.AprLifecycleListener             : The APR based Apache Tomcat Native library which allows optimal performance in production environments was not found on the java.library.path: [C:\Program Files\Java\jdk1.8.0_171\bin;C:\Windows\Sun\Java\bin;C:\Windows\system32;C:\Windows;C:/Program Files/Java/jre1.8.0_171/bin/server;C:/Program Files/Java/jre1.8.0_171/bin;C:/Program Files/Java/jre1.8.0_171/lib/amd64;C:\Program Files (x86)\Common Files\Oracle\Java\javapath;C:\Program Files (x86)\Intel\Intel(R) Management Engine Components\iCLS\;C:\Program Files\Intel\Intel(R) Management Engine Components\iCLS\;C:\Windows\system32;C:\Windows;C:\Windows\System32\Wbem;C:\Windows\System32\WindowsPowerShell\v1.0\;C:\Program Files (x86)\Intel\Intel(R) Management Engine Components\DAL;C:\Program Files\Intel\Intel(R) Management Engine Components\DAL;C:\Program Files (x86)\Intel\Intel(R) Management Engine Components\IPT;C:\Program Files\Intel\Intel(R) Management Engine Components\IPT;C:\Program Files\Intel\WiFi\bin\;C:\Program Files\Common Files\Intel\WirelessCommon\;C:\Program Files\Java\jdk1.8.0_171\bin;C:\Program Files\Java\jdk1.8.0_171\jre\bin;C:\Users\tejmn\AppData\Local\Microsoft\WindowsApps;;C:\Project Tools\sts-bundle\sts-3.9.4.RELEASE;;.]
2018-05-14 10:14:09.984  INFO DESKTOP-80QCN4B --- [ost-startStop-1] o.a.c.c.C.[.[.[/]                        : Initializing Spring embedded WebApplicationContext
2018-05-14 10:14:09.984  INFO DESKTOP-80QCN4B --- [ost-startStop-1] o.s.w.c.ContextLoader                    : Root WebApplicationContext: initialization completed in 1830 ms
2018-05-14 10:14:10.160  INFO DESKTOP-80QCN4B --- [ost-startStop-1] o.s.b.w.s.FilterRegistrationBean         : Mapping filter: 'characterEncodingFilter' to: [/*]
2018-05-14 10:14:10.161  INFO DESKTOP-80QCN4B --- [ost-startStop-1] o.s.b.w.s.FilterRegistrationBean         : Mapping filter: 'hiddenHttpMethodFilter' to: [/*]
2018-05-14 10:14:10.161  INFO DESKTOP-80QCN4B --- [ost-startStop-1] o.s.b.w.s.FilterRegistrationBean         : Mapping filter: 'httpPutFormContentFilter' to: [/*]
2018-05-14 10:14:10.161  INFO DESKTOP-80QCN4B --- [ost-startStop-1] o.s.b.w.s.FilterRegistrationBean         : Mapping filter: 'requestContextFilter' to: [/*]
2018-05-14 10:14:10.162  INFO DESKTOP-80QCN4B --- [ost-startStop-1] .s.DelegatingFilterProxyRegistrationBean : Mapping filter: 'springSecurityFilterChain' to: [/*]
2018-05-14 10:14:10.162  INFO DESKTOP-80QCN4B --- [ost-startStop-1] o.s.b.w.s.ServletRegistrationBean        : Servlet dispatcherServlet mapped to [/]
2018-05-14 10:14:10.320  INFO DESKTOP-80QCN4B --- [  restartedMain] o.s.j.d.DriverManagerDataSource          : Loaded JDBC driver: com.mysql.jdbc.Driver
2018-05-14 10:14:10.320  INFO DESKTOP-80QCN4B --- [  restartedMain] c.s.t.p.ProductApplication               : ## getDataSource:org.springframework.jdbc.datasource.DriverManagerDataSource@5e05ca8
2018-05-14 10:14:10.480  INFO DESKTOP-80QCN4B --- [  restartedMain] o.h.Version                              : HHH000412: Hibernate Core {5.2.17.Final}
2018-05-14 10:14:10.482  INFO DESKTOP-80QCN4B --- [  restartedMain] o.h.c.Environment                        : HHH000206: hibernate.properties not found
2018-05-14 10:14:52.673  INFO DESKTOP-80QCN4B --- [           main] .b.t.c.SpringBootTestContextBootstrapper : Neither @ContextConfiguration nor @ContextHierarchy found for test class [com.srikar.tej.productCart.ProductApplicationTests], using SpringBootContextLoader
2018-05-14 10:14:52.681  INFO DESKTOP-80QCN4B --- [           main] o.s.t.c.s.AbstractContextLoader          : Could not detect default resource locations for test class [com.srikar.tej.productCart.ProductApplicationTests]: no resource found for suffixes {-context.xml, Context.groovy}.
2018-05-14 10:14:52.681  INFO DESKTOP-80QCN4B --- [           main] t.c.s.AnnotationConfigContextLoaderUtils : Could not detect default configuration classes for test class [com.srikar.tej.productCart.ProductApplicationTests]: ProductApplicationTests does not declare any static, non-private, non-final, nested classes annotated with @Configuration.
2018-05-14 10:14:52.788  INFO DESKTOP-80QCN4B --- [           main] .b.t.c.SpringBootTestContextBootstrapper : Found @SpringBootConfiguration com.srikar.tej.productCart.ProductApplication for test class com.srikar.tej.productCart.ProductApplicationTests
2018-05-14 10:14:52.910  INFO DESKTOP-80QCN4B --- [           main] .b.t.c.SpringBootTestContextBootstrapper : Loaded default TestExecutionListener class names from location [META-INF/spring.factories]: [org.springframework.boot.test.mock.mockito.MockitoTestExecutionListener, org.springframework.boot.test.mock.mockito.ResetMocksTestExecutionListener, org.springframework.boot.test.autoconfigure.restdocs.RestDocsTestExecutionListener, org.springframework.boot.test.autoconfigure.web.client.MockRestServiceServerResetTestExecutionListener, org.springframework.boot.test.autoconfigure.web.servlet.MockMvcPrintOnlyOnFailureTestExecutionListener, org.springframework.boot.test.autoconfigure.web.servlet.WebDriverTestExecutionListener, org.springframework.test.context.web.ServletTestExecutionListener, org.springframework.test.context.support.DirtiesContextBeforeModesTestExecutionListener, org.springframework.test.context.support.DependencyInjectionTestExecutionListener, org.springframework.test.context.support.DirtiesContextTestExecutionListener, org.springframework.test.context.transaction.TransactionalTestExecutionListener, org.springframework.test.context.jdbc.SqlScriptsTestExecutionListener, org.springframework.security.test.context.support.WithSecurityContextTestExecutionListener, org.springframework.security.test.context.support.ReactorContextTestExecutionListener]
2018-05-14 10:14:52.936  INFO DESKTOP-80QCN4B --- [           main] .b.t.c.SpringBootTestContextBootstrapper : Using TestExecutionListeners: [org.springframework.test.context.web.ServletTestExecutionListener@68746f22, org.springframework.test.context.support.DirtiesContextBeforeModesTestExecutionListener@2f01783a, org.springframework.boot.test.mock.mockito.MockitoTestExecutionListener@68878f6d, org.springframework.boot.test.autoconfigure.SpringBootDependencyInjectionTestExecutionListener@41488b16, org.springframework.test.context.support.DirtiesContextTestExecutionListener@a8ef162, org.springframework.test.context.transaction.TransactionalTestExecutionListener@2eea88a1, org.springframework.test.context.jdbc.SqlScriptsTestExecutionListener@7ac296f6, org.springframework.security.test.context.support.WithSecurityContextTestExecutionListener@7fd7a283, org.springframework.security.test.context.support.ReactorContextTestExecutionListener@22f59fa, org.springframework.boot.test.mock.mockito.ResetMocksTestExecutionListener@78fa769e, org.springframework.boot.test.autoconfigure.restdocs.RestDocsTestExecutionListener@16612a51, org.springframework.boot.test.autoconfigure.web.client.MockRestServiceServerResetTestExecutionListener@54e041a4, org.springframework.boot.test.autoconfigure.web.servlet.MockMvcPrintOnlyOnFailureTestExecutionListener@2c78324b, org.springframework.boot.test.autoconfigure.web.servlet.WebDriverTestExecutionListener@79defdc]
2018-05-14 10:14:53.229  INFO DESKTOP-80QCN4B --- [           main] c.s.t.p.ProductApplicationTests          : Starting ProductApplicationTests on DESKTOP-80QCN4B with PID 6888 (started by tejmn in C:\ProjectWorkSpace\ProductApplication)
2018-05-14 10:14:53.230 DEBUG DESKTOP-80QCN4B --- [           main] c.s.t.p.ProductApplicationTests          : Running with Spring Boot v2.0.2.RELEASE, Spring v5.0.6.RELEASE
2018-05-14 10:14:53.231  INFO DESKTOP-80QCN4B --- [           main] c.s.t.p.ProductApplicationTests          : No active profile set, falling back to default profiles: default
2018-05-14 10:14:53.270  INFO DESKTOP-80QCN4B --- [           main] o.s.w.c.s.GenericWebApplicationContext   : Refreshing org.springframework.web.context.support.GenericWebApplicationContext@70f02c32: startup date [Mon May 14 10:14:53 CDT 2018]; root of context hierarchy
2018-05-14 10:14:54.483  INFO DESKTOP-80QCN4B --- [           main] trationDelegate$BeanPostProcessorChecker : Bean 'org.springframework.transaction.annotation.ProxyTransactionManagementConfiguration' of type [org.springframework.transaction.annotation.ProxyTransactionManagementConfiguration$$EnhancerBySpringCGLIB$$4f08f9e9] is not eligible for getting processed by all BeanPostProcessors (for example: not eligible for auto-proxying)
2018-05-14 10:14:54.732  INFO DESKTOP-80QCN4B --- [           main] o.s.j.d.DriverManagerDataSource          : Loaded JDBC driver: com.mysql.jdbc.Driver
2018-05-14 10:14:54.733  INFO DESKTOP-80QCN4B --- [           main] c.s.t.p.ProductApplication               : ## getDataSource:org.springframework.jdbc.datasource.DriverManagerDataSource@56d93692
2018-05-14 10:14:54.962  INFO DESKTOP-80QCN4B --- [           main] o.h.Version                              : HHH000412: Hibernate Core {5.2.17.Final}
2018-05-14 10:14:54.966  INFO DESKTOP-80QCN4B --- [           main] o.h.c.Environment                        : HHH000206: hibernate.properties not found
2018-05-14 10:15:05.733  INFO DESKTOP-80QCN4B --- [           main] o.h.a.c.Version                          : HCANN000001: Hibernate Commons Annotations {5.0.1.Final}
2018-05-14 10:15:06.353  WARN DESKTOP-80QCN4B --- [           main] o.h.e.j.e.i.JdbcEnvironmentInitiator     : HHH000342: Could not obtain connection to query metadata : Public Key Retrieval is not allowed
2018-05-14 10:15:06.373  INFO DESKTOP-80QCN4B --- [           main] o.h.d.Dialect                            : HHH000400: Using dialect: org.hibernate.dialect.MySQLDialect
2018-05-14 10:15:06.397  INFO DESKTOP-80QCN4B --- [           main] o.h.e.j.e.i.LobCreatorBuilderImpl        : HHH000422: Disabling contextual LOB creation as connection was null
2018-05-14 10:15:07.508  INFO DESKTOP-80QCN4B --- [           main] c.s.t.p.ProductApplication               : ## getSessionFactory: org.hibernate.internal.SessionFactoryImpl@34d7c06b
2018-05-14 10:15:07.669  INFO DESKTOP-80QCN4B --- [           main] o.s.o.h.HibernateTransactionManager      : Using DataSource [org.springframework.jdbc.datasource.DriverManagerDataSource@56d93692] of Hibernate SessionFactory for HibernateTransactionManager
2018-05-14 10:15:07.993  INFO DESKTOP-80QCN4B --- [           main] o.s.w.s.h.SimpleUrlHandlerMapping        : Mapped URL path [/**/favicon.ico] onto handler of type [class org.springframework.web.servlet.resource.ResourceHttpRequestHandler]
2018-05-14 10:15:08.235  INFO DESKTOP-80QCN4B --- [           main] s.w.s.m.m.a.RequestMappingHandlerAdapter : Looking for @ControllerAdvice: org.springframework.web.context.support.GenericWebApplicationContext@70f02c32: startup date [Mon May 14 10:14:53 CDT 2018]; root of context hierarchy
2018-05-14 10:15:08.312  INFO DESKTOP-80QCN4B --- [           main] s.w.s.m.m.a.RequestMappingHandlerMapping : Mapped "{[/admin/login],methods=[GET]}" onto public java.lang.String com.srikar.tej.productCart.controller.AdminController.login(org.springframework.ui.Model)
2018-05-14 10:15:08.313  INFO DESKTOP-80QCN4B --- [           main] s.w.s.m.m.a.RequestMappingHandlerMapping : Mapped "{[/admin/order],methods=[GET]}" onto public java.lang.String com.srikar.tej.productCart.controller.AdminController.orderView(org.springframework.ui.Model,java.lang.String)
2018-05-14 10:15:08.314  INFO DESKTOP-80QCN4B --- [           main] s.w.s.m.m.a.RequestMappingHandlerMapping : Mapped "{[/admin/product],methods=[POST]}" onto public java.lang.String com.srikar.tej.productCart.controller.AdminController.productSave(org.springframework.ui.Model,com.srikar.tej.productCart.form.ProductForm,org.springframework.validation.BindingResult,org.springframework.web.servlet.mvc.support.RedirectAttributes)
2018-05-14 10:15:08.314  INFO DESKTOP-80QCN4B --- [           main] s.w.s.m.m.a.RequestMappingHandlerMapping : Mapped "{[/admin/orderList],methods=[GET]}" onto public java.lang.String com.srikar.tej.productCart.controller.AdminController.orderList(org.springframework.ui.Model,java.lang.String)
2018-05-14 10:15:08.315  INFO DESKTOP-80QCN4B --- [           main] s.w.s.m.m.a.RequestMappingHandlerMapping : Mapped "{[/admin/product],methods=[GET]}" onto public java.lang.String com.srikar.tej.productCart.controller.AdminController.product(org.springframework.ui.Model,java.lang.String)
2018-05-14 10:15:08.315  INFO DESKTOP-80QCN4B --- [           main] s.w.s.m.m.a.RequestMappingHandlerMapping : Mapped "{[/admin/accountInfo],methods=[GET]}" onto public java.lang.String com.srikar.tej.productCart.controller.AdminController.accountInfo(org.springframework.ui.Model)
2018-05-14 10:15:08.319  INFO DESKTOP-80QCN4B --- [           main] s.w.s.m.m.a.RequestMappingHandlerMapping : Mapped "{[/]}" onto public java.lang.String com.srikar.tej.productCart.controller.MainController.home()
2018-05-14 10:15:08.319  INFO DESKTOP-80QCN4B --- [           main] s.w.s.m.m.a.RequestMappingHandlerMapping : Mapped "{[/403]}" onto public java.lang.String com.srikar.tej.productCart.controller.MainController.accessDenied()
2018-05-14 10:15:08.320  INFO DESKTOP-80QCN4B --- [           main] s.w.s.m.m.a.RequestMappingHandlerMapping : Mapped "{[/productImage],methods=[GET]}" onto public void com.srikar.tej.productCart.controller.MainController.productImage(javax.servlet.http.HttpServletRequest,javax.servlet.http.HttpServletResponse,org.springframework.ui.Model,java.lang.String) throws java.io.IOException
2018-05-14 10:15:08.320  INFO DESKTOP-80QCN4B --- [           main] s.w.s.m.m.a.RequestMappingHandlerMapping : Mapped "{[/buyProduct]}" onto public java.lang.String com.srikar.tej.productCart.controller.MainController.listProductHandler(javax.servlet.http.HttpServletRequest,org.springframework.ui.Model,java.lang.String)
2018-05-14 10:15:08.321  INFO DESKTOP-80QCN4B --- [           main] s.w.s.m.m.a.RequestMappingHandlerMapping : Mapped "{[/productList]}" onto public java.lang.String com.srikar.tej.productCart.controller.MainController.listProductHandler(org.springframework.ui.Model,java.lang.String,int)
2018-05-14 10:15:08.321  INFO DESKTOP-80QCN4B --- [           main] s.w.s.m.m.a.RequestMappingHandlerMapping : Mapped "{[/shoppingCart],methods=[POST]}" onto public java.lang.String com.srikar.tej.productCart.controller.MainController.shoppingCartUpdateQty(javax.servlet.http.HttpServletRequest,org.springframework.ui.Model,com.srikar.tej.productCart.model.CartInfo)
2018-05-14 10:15:08.322  INFO DESKTOP-80QCN4B --- [           main] s.w.s.m.m.a.RequestMappingHandlerMapping : Mapped "{[/shoppingCartConfirmation],methods=[GET]}" onto public java.lang.String com.srikar.tej.productCart.controller.MainController.shoppingCartConfirmationReview(javax.servlet.http.HttpServletRequest,org.springframework.ui.Model)
2018-05-14 10:15:08.322  INFO DESKTOP-80QCN4B --- [           main] s.w.s.m.m.a.RequestMappingHandlerMapping : Mapped "{[/shoppingCartConfirmation],methods=[POST]}" onto public java.lang.String com.srikar.tej.productCart.controller.MainController.shoppingCartConfirmationSave(javax.servlet.http.HttpServletRequest,org.springframework.ui.Model)
2018-05-14 10:15:08.322  INFO DESKTOP-80QCN4B --- [           main] s.w.s.m.m.a.RequestMappingHandlerMapping : Mapped "{[/shoppingCartRemoveProduct]}" onto public java.lang.String com.srikar.tej.productCart.controller.MainController.removeProductHandler(javax.servlet.http.HttpServletRequest,org.springframework.ui.Model,java.lang.String)
2018-05-14 10:15:08.323  INFO DESKTOP-80QCN4B --- [           main] s.w.s.m.m.a.RequestMappingHandlerMapping : Mapped "{[/shoppingCartCustomer],methods=[POST]}" onto public java.lang.String com.srikar.tej.productCart.controller.MainController.shoppingCartCustomerSave(javax.servlet.http.HttpServletRequest,org.springframework.ui.Model,com.srikar.tej.productCart.form.CustomerForm,org.springframework.validation.BindingResult,org.springframework.web.servlet.mvc.support.RedirectAttributes)
2018-05-14 10:15:08.323  INFO DESKTOP-80QCN4B --- [           main] s.w.s.m.m.a.RequestMappingHandlerMapping : Mapped "{[/shoppingCartFinalize],methods=[GET]}" onto public java.lang.String com.srikar.tej.productCart.controller.MainController.shoppingCartFinalize(javax.servlet.http.HttpServletRequest,org.springframework.ui.Model)
2018-05-14 10:15:08.324  INFO DESKTOP-80QCN4B --- [           main] s.w.s.m.m.a.RequestMappingHandlerMapping : Mapped "{[/shoppingCart],methods=[GET]}" onto public java.lang.String com.srikar.tej.productCart.controller.MainController.shoppingCartHandler(javax.servlet.http.HttpServletRequest,org.springframework.ui.Model)
2018-05-14 10:15:08.325  INFO DESKTOP-80QCN4B --- [           main] s.w.s.m.m.a.RequestMappingHandlerMapping : Mapped "{[/shoppingCartCustomer],methods=[GET]}" onto public java.lang.String com.srikar.tej.productCart.controller.MainController.shoppingCartCustomerForm(javax.servlet.http.HttpServletRequest,org.springframework.ui.Model)
2018-05-14 10:15:08.328  INFO DESKTOP-80QCN4B --- [           main] s.w.s.m.m.a.RequestMappingHandlerMapping : Mapped "{[/error]}" onto public org.springframework.http.ResponseEntity<java.util.Map<java.lang.String, java.lang.Object>> org.springframework.boot.autoconfigure.web.servlet.error.BasicErrorController.error(javax.servlet.http.HttpServletRequest)
2018-05-14 10:15:08.329  INFO DESKTOP-80QCN4B --- [           main] s.w.s.m.m.a.RequestMappingHandlerMapping : Mapped "{[/error],produces=[text/html]}" onto public org.springframework.web.servlet.ModelAndView org.springframework.boot.autoconfigure.web.servlet.error.BasicErrorController.errorHtml(javax.servlet.http.HttpServletRequest,javax.servlet.http.HttpServletResponse)
2018-05-14 10:15:08.369  INFO DESKTOP-80QCN4B --- [           main] o.s.w.s.h.SimpleUrlHandlerMapping        : Mapped URL path [/webjars/**] onto handler of type [class org.springframework.web.servlet.resource.ResourceHttpRequestHandler]
2018-05-14 10:15:08.370  INFO DESKTOP-80QCN4B --- [           main] o.s.w.s.h.SimpleUrlHandlerMapping        : Mapped URL path [/**] onto handler of type [class org.springframework.web.servlet.resource.ResourceHttpRequestHandler]
2018-05-14 10:15:08.551  INFO DESKTOP-80QCN4B --- [           main] o.s.b.a.w.s.WelcomePageHandlerMapping    : Adding welcome page template: index
2018-05-14 10:15:08.971  INFO DESKTOP-80QCN4B --- [           main] o.s.s.w.DefaultSecurityFilterChain       : Creating filter chain: org.springframework.security.web.util.matcher.AnyRequestMatcher@1, [org.springframework.security.web.context.request.async.WebAsyncManagerIntegrationFilter@5a2d76ea, org.springframework.security.web.context.SecurityContextPersistenceFilter@2c52a78d, org.springframework.security.web.header.HeaderWriterFilter@2739066, org.springframework.security.web.authentication.logout.LogoutFilter@cd0ed92, org.springframework.security.web.authentication.UsernamePasswordAuthenticationFilter@17369953, org.springframework.security.web.savedrequest.RequestCacheAwareFilter@ab61437, org.springframework.security.web.servletapi.SecurityContextHolderAwareRequestFilter@18e9f44f, org.springframework.security.web.authentication.AnonymousAuthenticationFilter@1c2d9ab0, org.springframework.security.web.session.SessionManagementFilter@18b2684, org.springframework.security.web.access.ExceptionTranslationFilter@3b135a37, org.springframework.security.web.access.intercept.FilterSecurityInterceptor@346c4331]
2018-05-14 10:15:09.129  INFO DESKTOP-80QCN4B --- [           main] c.s.t.p.ProductApplicationTests          : Started ProductApplicationTests in 16.148 seconds (JVM running for 17.342)
2018-05-14 10:15:09.320  INFO DESKTOP-80QCN4B --- [       Thread-3] o.s.w.c.s.GenericWebApplicationContext   : Closing org.springframework.web.context.support.GenericWebApplicationContext@70f02c32: startup date [Mon May 14 10:14:53 CDT 2018]; root of context hierarchy
